[2026-02-28 17:40:09Z INFO HostContext] No proxy settings were found based on environmental variables (http_proxy/https_proxy/HTTP_PROXY/HTTPS_PROXY)
[2026-02-28 17:40:09Z INFO HostContext] Well known directory 'Bin': 'C:\Users\MSI KATANA\Documents\tarea2\actions-runner\bin'
[2026-02-28 17:40:09Z INFO HostContext] Well known directory 'Root': 'C:\Users\MSI KATANA\Documents\tarea2\actions-runner'
[2026-02-28 17:40:09Z INFO HostContext] Well known config file 'Credentials': 'C:\Users\MSI KATANA\Documents\tarea2\actions-runner\.credentials'
[2026-02-28 17:40:09Z INFO HostContext] Well known directory 'Bin': 'C:\Users\MSI KATANA\Documents\tarea2\actions-runner\bin'
[2026-02-28 17:40:09Z INFO HostContext] Well known directory 'Root': 'C:\Users\MSI KATANA\Documents\tarea2\actions-runner'
[2026-02-28 17:40:09Z INFO HostContext] Well known config file 'Runner': 'C:\Users\MSI KATANA\Documents\tarea2\actions-runner\.runner'
[2026-02-28 17:40:09Z INFO Listener] Runner is built for Windows (X64) - win-x64.
[2026-02-28 17:40:09Z INFO Listener] RuntimeInformation: Microsoft Windows 10.0.19045.
[2026-02-28 17:40:09Z INFO Listener] Version: 2.331.0
[2026-02-28 17:40:09Z INFO Listener] Commit: 39f6c643d3032f8795fa71f1482731ca90c8e038
[2026-02-28 17:40:09Z INFO Listener] Culture: ru-RU
[2026-02-28 17:40:09Z INFO Listener] UI Culture: ru-RU
[2026-02-28 17:40:09Z INFO HostContext] Well known directory 'Bin': 'C:\Users\MSI KATANA\Documents\tarea2\actions-runner\bin'
[2026-02-28 17:40:09Z INFO HostContext] Well known directory 'Root': 'C:\Users\MSI KATANA\Documents\tarea2\actions-runner'
[2026-02-28 17:40:09Z INFO Listener] Validating directory permissions for: 'C:\Users\MSI KATANA\Documents\tarea2\actions-runner'
[2026-02-28 17:40:09Z INFO CommandLineParser] Parse
[2026-02-28 17:40:09Z INFO CommandLineParser] Parsing 1 args
[2026-02-28 17:40:09Z INFO CommandLineParser] parsing argument
[2026-02-28 17:40:09Z INFO CommandLineParser] HasArgs: False
[2026-02-28 17:40:09Z INFO CommandLineParser] Adding Command: run
[2026-02-28 17:40:09Z INFO Listener] Arguments parsed
[2026-02-28 17:40:09Z INFO Runner] ExecuteCommand
[2026-02-28 17:40:09Z INFO ConfigurationStore] currentAssemblyLocation: C:\Users\MSI KATANA\Documents\tarea2\actions-runner\bin\Runner.Listener.dll
[2026-02-28 17:40:09Z INFO HostContext] Well known directory 'Bin': 'C:\Users\MSI KATANA\Documents\tarea2\actions-runner\bin'
[2026-02-28 17:40:09Z INFO ConfigurationStore] binPath: C:\Users\MSI KATANA\Documents\tarea2\actions-runner\bin
[2026-02-28 17:40:09Z INFO HostContext] Well known directory 'Bin': 'C:\Users\MSI KATANA\Documents\tarea2\actions-runner\bin'
[2026-02-28 17:40:09Z INFO HostContext] Well known directory 'Root': 'C:\Users\MSI KATANA\Documents\tarea2\actions-runner'
[2026-02-28 17:40:09Z INFO ConfigurationStore] RootFolder: C:\Users\MSI KATANA\Documents\tarea2\actions-runner
[2026-02-28 17:40:09Z INFO HostContext] Well known directory 'Bin': 'C:\Users\MSI KATANA\Documents\tarea2\actions-runner\bin'
[2026-02-28 17:40:09Z INFO HostContext] Well known directory 'Root': 'C:\Users\MSI KATANA\Documents\tarea2\actions-runner'
[2026-02-28 17:40:09Z INFO HostContext] Well known config file 'Runner': 'C:\Users\MSI KATANA\Documents\tarea2\actions-runner\.runner'
[2026-02-28 17:40:09Z INFO ConfigurationStore] ConfigFilePath: C:\Users\MSI KATANA\Documents\tarea2\actions-runner\.runner
[2026-02-28 17:40:09Z INFO HostContext] Well known directory 'Bin': 'C:\Users\MSI KATANA\Documents\tarea2\actions-runner\bin'
[2026-02-28 17:40:09Z INFO HostContext] Well known directory 'Root': 'C:\Users\MSI KATANA\Documents\tarea2\actions-runner'
[2026-02-28 17:40:09Z INFO HostContext] Well known config file 'MigratedRunner': 'C:\Users\MSI KATANA\Documents\tarea2\actions-runner\.runner_migrated'
[2026-02-28 17:40:09Z INFO ConfigurationStore] MigratedConfigFilePath: C:\Users\MSI KATANA\Documents\tarea2\actions-runner\.runner_migrated
[2026-02-28 17:40:09Z INFO HostContext] Well known directory 'Bin': 'C:\Users\MSI KATANA\Documents\tarea2\actions-runner\bin'
[2026-02-28 17:40:09Z INFO HostContext] Well known directory 'Root': 'C:\Users\MSI KATANA\Documents\tarea2\actions-runner'
[2026-02-28 17:40:09Z INFO HostContext] Well known config file 'Credentials': 'C:\Users\MSI KATANA\Documents\tarea2\actions-runner\.credentials'
[2026-02-28 17:40:09Z INFO ConfigurationStore] CredFilePath: C:\Users\MSI KATANA\Documents\tarea2\actions-runner\.credentials
[2026-02-28 17:40:09Z INFO HostContext] Well known directory 'Bin': 'C:\Users\MSI KATANA\Documents\tarea2\actions-runner\bin'
[2026-02-28 17:40:09Z INFO HostContext] Well known directory 'Root': 'C:\Users\MSI KATANA\Documents\tarea2\actions-runner'
[2026-02-28 17:40:09Z INFO HostContext] Well known config file 'MigratedCredentials': 'C:\Users\MSI KATANA\Documents\tarea2\actions-runner\.credentials_migrated'
[2026-02-28 17:40:09Z INFO ConfigurationStore] MigratedCredFilePath: C:\Users\MSI KATANA\Documents\tarea2\actions-runner\.credentials_migrated
[2026-02-28 17:40:09Z INFO HostContext] Well known directory 'Bin': 'C:\Users\MSI KATANA\Documents\tarea2\actions-runner\bin'
[2026-02-28 17:40:09Z INFO HostContext] Well known directory 'Root': 'C:\Users\MSI KATANA\Documents\tarea2\actions-runner'
[2026-02-28 17:40:09Z INFO HostContext] Well known config file 'Service': 'C:\Users\MSI KATANA\Documents\tarea2\actions-runner\.service'
[2026-02-28 17:40:09Z INFO ConfigurationStore] ServiceConfigFilePath: C:\Users\MSI KATANA\Documents\tarea2\actions-runner\.service
[2026-02-28 17:40:09Z INFO CommandSettings] Flag 'help': 'False'
[2026-02-28 17:40:09Z INFO CommandSettings] Flag 'version': 'False'
[2026-02-28 17:40:09Z INFO CommandSettings] Flag 'commit': 'False'
[2026-02-28 17:40:09Z INFO CommandSettings] Flag 'check': 'False'
[2026-02-28 17:40:09Z INFO CommandSettings] Command 'configure': 'False'
[2026-02-28 17:40:09Z INFO CommandSettings] Command 'remove': 'False'
[2026-02-28 17:40:09Z INFO CommandSettings] Command 'warmup': 'False'
[2026-02-28 17:40:09Z INFO ConfigurationManager] LoadSettings
[2026-02-28 17:40:09Z INFO ConfigurationStore] IsConfigured()
[2026-02-28 17:40:09Z INFO ConfigurationStore] IsConfigured: True
[2026-02-28 17:40:09Z INFO ConfigurationManager] Is configured: True
[2026-02-28 17:40:09Z INFO ConfigurationStore] Read setting file: 398 chars
[2026-02-28 17:40:09Z INFO ConfigurationManager] Settings Loaded
[2026-02-28 17:40:09Z INFO ConfigurationStore] IsServiceConfigured()
[2026-02-28 17:40:09Z INFO ConfigurationStore] IsServiceConfigured: True
[2026-02-28 17:40:09Z INFO CommandSettings] Command 'run': 'True'
[2026-02-28 17:40:09Z INFO ConfigurationStore] IsConfigured()
[2026-02-28 17:40:09Z INFO ConfigurationStore] IsConfigured: True
[2026-02-28 17:40:09Z INFO ConfigurationManager] Is configured: True
[2026-02-28 17:40:09Z INFO Runner] Try determine runner startup type base on console redirects.
[2026-02-28 17:40:09Z INFO Runner] Set runner startup type - Manual
[2026-02-28 17:40:09Z INFO CommandSettings] Flag 'once': 'False'
[2026-02-28 17:40:09Z INFO CommandSettings] Flag 'once': 'False'
[2026-02-28 17:40:09Z INFO Runner] RunAsync
[2026-02-28 17:40:09Z INFO ConfigurationManager] LoadMigratedSettings
[2026-02-28 17:40:09Z INFO ConfigurationStore] IsMigratedConfigured()
[2026-02-28 17:40:09Z INFO ConfigurationStore] IsMigratedConfigured: False
[2026-02-28 17:40:09Z INFO Runner] Failed to load migrated settings: No migrated configuration found.
[2026-02-28 17:40:09Z INFO Runner] Falling back to original .runner settings
[2026-02-28 17:40:09Z INFO Runner] Using BrokerMessageListener
[2026-02-28 17:40:09Z INFO BrokerMessageListener] Using provided settings
[2026-02-28 17:40:09Z INFO BrokerMessageListener] {
  "AgentId": 2,
  "AgentName": "dima_runs",
  "PoolId": 1,
  "PoolName": "Default",
  "ServerUrl": "https://pipelinesghubeus22.actions.githubusercontent.com/0ZNhQifUvH9CBEceXc9uRBqeMKuokMm00wo8veXC33gfEHj1e4/",
  "GitHubUrl": "https://github.com/dmytrozhekov-bit/Tarea-2",
  "WorkFolder": "tarea2",
  "UseV2Flow": true,
  "ServerUrlV2": "https://broker.actions.githubusercontent.com/"
}
[2026-02-28 17:40:09Z INFO BrokerMessageListener] Loading Credentials
[2026-02-28 17:40:09Z INFO ConfigurationStore] HasCredentials()
[2026-02-28 17:40:09Z INFO ConfigurationStore] stored True
[2026-02-28 17:40:09Z INFO CredentialManager] GetCredentialProvider
[2026-02-28 17:40:09Z INFO CredentialManager] Creating type OAuth
[2026-02-28 17:40:09Z INFO CredentialManager] Creating credential type: OAuth
[2026-02-28 17:40:09Z INFO HostContext] Well known directory 'Bin': 'C:\Users\MSI KATANA\Documents\tarea2\actions-runner\bin'
[2026-02-28 17:40:09Z INFO HostContext] Well known directory 'Root': 'C:\Users\MSI KATANA\Documents\tarea2\actions-runner'
[2026-02-28 17:40:09Z INFO HostContext] Well known config file 'RSACredentials': 'C:\Users\MSI KATANA\Documents\tarea2\actions-runner\.credentials_rsaparams'
[2026-02-28 17:40:09Z INFO RSAEncryptedFileKeyManager] Loading RSA key parameters from file C:\Users\MSI KATANA\Documents\tarea2\actions-runner\.credentials_rsaparams
[2026-02-28 17:40:09Z INFO BrokerMessageListener] Attempt to create session.
[2026-02-28 17:40:09Z INFO BrokerMessageListener] Connecting to the Broker Server...
[2026-02-28 17:40:09Z INFO ConfigurationStore] HasCredentials()
[2026-02-28 17:40:09Z INFO ConfigurationStore] stored True
[2026-02-28 17:40:09Z INFO CredentialManager] GetCredentialProvider
[2026-02-28 17:40:09Z INFO CredentialManager] Creating type OAuth
[2026-02-28 17:40:09Z INFO CredentialManager] Creating credential type: OAuth
[2026-02-28 17:40:09Z INFO RSAEncryptedFileKeyManager] Loading RSA key parameters from file C:\Users\MSI KATANA\Documents\tarea2\actions-runner\.credentials_rsaparams
[2026-02-28 17:40:09Z INFO BrokerMessageListener] VssConnection created
[2026-02-28 17:40:09Z INFO BrokerMessageListener] Connecting to the Runner server...
[2026-02-28 17:40:09Z INFO RunnerServer] EstablishVssConnection
[2026-02-28 17:40:09Z INFO RunnerServer] Establish connection with 100 seconds timeout.
[2026-02-28 17:40:09Z INFO GitHubActionsService] Starting operation Location.GetConnectionData
[2026-02-28 17:40:09Z INFO RunnerServer] EstablishVssConnection
[2026-02-28 17:40:09Z INFO RunnerServer] Establish connection with 60 seconds timeout.
[2026-02-28 17:40:09Z INFO GitHubActionsService] Starting operation Location.GetConnectionData
[2026-02-28 17:40:09Z INFO RunnerServer] EstablishVssConnection
[2026-02-28 17:40:09Z INFO RunnerServer] Establish connection with 60 seconds timeout.
[2026-02-28 17:40:09Z INFO GitHubActionsService] Starting operation Location.GetConnectionData
[2026-02-28 17:40:10Z INFO GitHubActionsService] Finished operation Location.GetConnectionData
[2026-02-28 17:40:10Z INFO GitHubActionsService] Finished operation Location.GetConnectionData
[2026-02-28 17:40:10Z INFO GitHubActionsService] Finished operation Location.GetConnectionData
[2026-02-28 17:40:10Z INFO BrokerMessageListener] VssConnection created
[2026-02-28 17:40:10Z INFO Terminal] WRITE LINE: 
[2026-02-28 17:40:10Z INFO Terminal] WRITE LINE: 
[2026-02-28 17:40:10Z INFO RSAEncryptedFileKeyManager] Loading RSA key parameters from file C:\Users\MSI KATANA\Documents\tarea2\actions-runner\.credentials_rsaparams
[2026-02-28 17:40:10Z INFO RSAEncryptedFileKeyManager] Loading RSA key parameters from file C:\Users\MSI KATANA\Documents\tarea2\actions-runner\.credentials_rsaparams
[2026-02-28 17:40:11Z INFO GitHubActionsService] AAD Correlation ID for this token request: Unknown
[2026-02-28 17:40:11Z INFO BrokerMessageListener] Session created.
[2026-02-28 17:40:11Z INFO Terminal] WRITE LINE: Current runner version: '2.331.0'
[2026-02-28 17:40:11Z INFO Terminal] WRITE LINE: 2026-02-28 17:40:11Z: Listening for Jobs
[2026-02-28 17:40:11Z INFO JobDispatcher] Set runner/worker IPC timeout to 30 seconds.
[2026-02-28 17:40:12Z INFO BrokerMessageListener] Acknowledging runner request '7bc509f2-95c8-5c72-8411-1c3539a13822'.
[2026-02-28 17:40:13Z INFO ConfigurationStore] HasCredentials()
[2026-02-28 17:40:13Z INFO ConfigurationStore] stored True
[2026-02-28 17:40:13Z INFO CredentialManager] GetCredentialProvider
[2026-02-28 17:40:13Z INFO CredentialManager] Creating type OAuth
[2026-02-28 17:40:13Z INFO CredentialManager] Creating credential type: OAuth
[2026-02-28 17:40:13Z INFO RSAEncryptedFileKeyManager] Loading RSA key parameters from file C:\Users\MSI KATANA\Documents\tarea2\actions-runner\.credentials_rsaparams
[2026-02-28 17:40:13Z INFO RSAEncryptedFileKeyManager] Loading RSA key parameters from file C:\Users\MSI KATANA\Documents\tarea2\actions-runner\.credentials_rsaparams
[2026-02-28 17:40:13Z INFO RSAEncryptedFileKeyManager] Loading RSA key parameters from file C:\Users\MSI KATANA\Documents\tarea2\actions-runner\.credentials_rsaparams
[2026-02-28 17:40:13Z INFO GitHubActionsService] AAD Correlation ID for this token request: Unknown
[2026-02-28 17:40:14Z INFO JobDispatcher] Job request 0 for plan 8ec0d032-6a00-4757-943a-c9cfea4c18ae job 7bc509f2-95c8-5c72-8411-1c3539a13822 received.
[2026-02-28 17:40:14Z INFO JobDispatcher] Pull OrchestrationId 8ec0d032-6a00-4757-943a-c9cfea4c18ae.build-and-push.__default from JWT claims
[2026-02-28 17:40:14Z INFO BrokerMessageListener] Received job status event. JobState: Busy
[2026-02-28 17:40:14Z INFO BrokerMessageListener] _getMessagesTokenSource is already disposed.
[2026-02-28 17:40:14Z INFO Terminal] WRITE LINE: 2026-02-28 17:40:14Z: Running job: build-and-push
[2026-02-28 17:40:14Z INFO JobDispatcher] Start renew job request 0 for job 7bc509f2-95c8-5c72-8411-1c3539a13822.
[2026-02-28 17:40:15Z INFO JobDispatcher] Successfully renew job 7bc509f2-95c8-5c72-8411-1c3539a13822, job is valid till 28.02.2026 17:50:15
[2026-02-28 17:40:15Z INFO HostContext] Well known directory 'Bin': 'C:\Users\MSI KATANA\Documents\tarea2\actions-runner\bin'
[2026-02-28 17:40:15Z INFO ProcessInvokerWrapper] Starting process:
[2026-02-28 17:40:15Z INFO ProcessInvokerWrapper]   File name: 'C:\Users\MSI KATANA\Documents\tarea2\actions-runner\bin\Runner.Worker.exe'
[2026-02-28 17:40:15Z INFO ProcessInvokerWrapper]   Arguments: 'spawnclient 2176 2188'
[2026-02-28 17:40:15Z INFO ProcessInvokerWrapper]   Working directory: 'C:\Users\MSI KATANA\Documents\tarea2\actions-runner\bin'
[2026-02-28 17:40:15Z INFO ProcessInvokerWrapper]   Require exit code zero: 'False'
[2026-02-28 17:40:15Z INFO ProcessInvokerWrapper]   Encoding web name:  ; code page: ''
[2026-02-28 17:40:15Z INFO ProcessInvokerWrapper]   Force kill process on cancellation: 'True'
[2026-02-28 17:40:15Z INFO ProcessInvokerWrapper]   Redirected STDIN: 'False'
[2026-02-28 17:40:15Z INFO ProcessInvokerWrapper]   Persist current code page: 'False'
[2026-02-28 17:40:15Z INFO ProcessInvokerWrapper]   Keep redirected STDIN open: 'False'
[2026-02-28 17:40:15Z INFO ProcessInvokerWrapper]   High priority process: 'True'
[2026-02-28 17:40:15Z INFO ProcessInvokerWrapper] Process started with process id 9128, waiting for process exit.
[2026-02-28 17:40:15Z INFO JobDispatcher] Send job request message to worker for job 7bc509f2-95c8-5c72-8411-1c3539a13822.
[2026-02-28 17:40:15Z INFO ProcessChannel] Sending message of length 21715, with hash '4068fd1ae87383d4d408017a2d119cd88b955f5de0a0366af8d439ea7a6b0c19'
[2026-02-28 17:40:15Z INFO JobNotification] Entering JobStarted Notification
[2026-02-28 17:40:15Z INFO JobNotification] Entering StartMonitor
[2026-02-28 17:41:15Z INFO JobDispatcher] Successfully renew job 7bc509f2-95c8-5c72-8411-1c3539a13822, job is valid till 28.02.2026 17:51:16
[2026-02-28 17:41:23Z INFO ProcessInvokerWrapper] STDOUT/STDERR stream read finished.
[2026-02-28 17:41:23Z INFO ProcessInvokerWrapper] STDOUT/STDERR stream read finished.
[2026-02-28 17:41:23Z INFO ProcessInvokerWrapper] Finished process 9128 with exit code 102, and elapsed time 00:01:08.0775676.
[2026-02-28 17:41:23Z INFO JobDispatcher] Worker finished for job 7bc509f2-95c8-5c72-8411-1c3539a13822. Code: 102
[2026-02-28 17:41:23Z INFO JobDispatcher] finish job request for job 7bc509f2-95c8-5c72-8411-1c3539a13822 with result: Failed
[2026-02-28 17:41:23Z INFO Terminal] WRITE LINE: 2026-02-28 17:41:23Z: Job build-and-push completed with result: Failed
[2026-02-28 17:41:23Z INFO JobDispatcher] Stop renew job request for job 7bc509f2-95c8-5c72-8411-1c3539a13822.
[2026-02-28 17:41:23Z INFO JobDispatcher] job renew has been cancelled, stop renew job 7bc509f2-95c8-5c72-8411-1c3539a13822.
[2026-02-28 17:41:23Z INFO JobNotification] Entering JobCompleted Notification
[2026-02-28 17:41:23Z INFO JobNotification] Entering EndMonitor
[2026-02-28 17:41:23Z INFO BrokerMessageListener] Received job status event. JobState: Online
[2026-02-28 17:41:23Z WARN GitHubActionsService] GET request to https://broker.actions.githubusercontent.com/message?sessionId=3fa9a0f0-19d2-4911-bb39-3cce756b556f&status=Busy&runnerVersion=2.331.0&os=Windows&architecture=X64&disableUpdate=false has been cancelled.
[2026-02-28 17:41:23Z ERR  BrokerServer] Catch exception during request
[2026-02-28 17:41:23Z ERR  BrokerServer] System.Threading.Tasks.TaskCanceledException: The operation was canceled.
 ---> System.Threading.Tasks.TaskCanceledException: The operation was canceled.
 ---> System.IO.IOException: Unable to read data from the transport connection: Операция ввода/вывода была прервана из-за завершения потока команд или по запросу приложения..
 ---> System.Net.Sockets.SocketException (995): Операция ввода/вывода была прервана из-за завершения потока команд или по запросу приложения.
   --- End of inner exception stack trace ---
   at System.Net.Sockets.Socket.AwaitableSocketAsyncEventArgs.ThrowException(SocketError error, CancellationToken cancellationToken)
   at System.Net.Sockets.Socket.AwaitableSocketAsyncEventArgs.System.Threading.Tasks.Sources.IValueTaskSource<System.Int32>.GetResult(Int16 token)
   at System.Net.Security.SslStream.EnsureFullTlsFrameAsync[TIOAdapter](CancellationToken cancellationToken, Int32 estimatedSize)
   at System.Runtime.CompilerServices.PoolingAsyncValueTaskMethodBuilder`1.StateMachineBox`1.System.Threading.Tasks.Sources.IValueTaskSource<TResult>.GetResult(Int16 token)
   at System.Net.Security.SslStream.ReadAsyncInternal[TIOAdapter](Memory`1 buffer, CancellationToken cancellationToken)
   at System.Runtime.CompilerServices.PoolingAsyncValueTaskMethodBuilder`1.StateMachineBox`1.System.Threading.Tasks.Sources.IValueTaskSource<TResult>.GetResult(Int16 token)
   at System.Net.Http.HttpConnection.SendAsync(HttpRequestMessage request, Boolean async, CancellationToken cancellationToken)
   --- End of inner exception stack trace ---
   at System.Net.Http.HttpConnection.SendAsync(HttpRequestMessage request, Boolean async, CancellationToken cancellationToken)
   at System.Net.Http.AuthenticationHelper.SendWithNtAuthAsync(HttpRequestMessage request, Uri authUri, Boolean async, ICredentials credentials, Boolean isProxyAuth, HttpConnection connection, HttpConnectionPool connectionPool, CancellationToken cancellationToken)
   at System.Net.Http.HttpConnectionPool.SendWithVersionDetectionAndRetryAsync(HttpRequestMessage request, Boolean async, Boolean doRequestAuth, CancellationToken cancellationToken)
   at System.Net.Http.AuthenticationHelper.SendWithAuthAsync(HttpRequestMessage request, Uri authUri, Boolean async, ICredentials credentials, Boolean preAuthenticate, Boolean isProxyAuth, Boolean doRequestAuth, HttpConnectionPool pool, CancellationToken cancellationToken)
   at System.Net.Http.RedirectHandler.SendAsync(HttpRequestMessage request, Boolean async, CancellationToken cancellationToken)
   at GitHub.Services.Common.RawHttpMessageHandler.SendAsync(HttpRequestMessage request, CancellationToken cancellationToken)
   at GitHub.Services.Common.VssHttpRetryMessageHandler.SendAsync(HttpRequestMessage request, CancellationToken cancellationToken)
   at System.Net.Http.HttpClient.<SendAsync>g__Core|83_0(HttpRequestMessage request, HttpCompletionOption completionOption, CancellationTokenSource cts, Boolean disposeCts, CancellationTokenSource pendingRequestsCts, CancellationToken originalCancellationToken)
   --- End of inner exception stack trace ---
   at System.Net.Http.HttpClient.HandleFailure(Exception e, Boolean telemetryStarted, HttpResponseMessage response, CancellationTokenSource cts, CancellationToken cancellationToken, CancellationTokenSource pendingRequestsCts)
   at System.Net.Http.HttpClient.<SendAsync>g__Core|83_0(HttpRequestMessage request, HttpCompletionOption completionOption, CancellationTokenSource cts, Boolean disposeCts, CancellationTokenSource pendingRequestsCts, CancellationToken originalCancellationToken)
   at Sdk.WebApi.WebApi.RawHttpClientBase.SendAsync(HttpRequestMessage message, HttpCompletionOption completionOption, Object userState, CancellationToken cancellationToken)
   at Sdk.WebApi.WebApi.RawHttpClientBase.SendAsync[T](HttpRequestMessage message, Boolean readErrorBody, Object userState, CancellationToken cancellationToken)
   at Sdk.WebApi.WebApi.RawHttpClientBase.SendAsync[T](HttpMethod method, IEnumerable`1 additionalHeaders, Uri requestUri, HttpContent content, IEnumerable`1 queryParameters, Boolean readErrorBody, Object userState, CancellationToken cancellationToken)
   at GitHub.Actions.RunService.WebApi.BrokerHttpClient.GetRunnerMessageAsync(Nullable`1 sessionId, String runnerVersion, Nullable`1 status, String os, String architecture, Nullable`1 disableUpdate, CancellationToken cancellationToken)
   at GitHub.Runner.Common.BrokerServer.<>c__DisplayClass7_0.<<GetRunnerMessageAsync>b__0>d.MoveNext()
--- End of stack trace from previous location ---
   at GitHub.Runner.Common.RunnerService.RetryRequest[T](Func`1 func, CancellationToken cancellationToken, Int32 maxAttempts, Func`2 shouldRetry)
[2026-02-28 17:41:23Z ERR  BrokerServer] #####################################################
[2026-02-28 17:41:23Z ERR  BrokerServer] System.Threading.Tasks.TaskCanceledException: The operation was canceled.
 ---> System.IO.IOException: Unable to read data from the transport connection: Операция ввода/вывода была прервана из-за завершения потока команд или по запросу приложения..
 ---> System.Net.Sockets.SocketException (995): Операция ввода/вывода была прервана из-за завершения потока команд или по запросу приложения.
   --- End of inner exception stack trace ---
   at System.Net.Sockets.Socket.AwaitableSocketAsyncEventArgs.ThrowException(SocketError error, CancellationToken cancellationToken)
   at System.Net.Sockets.Socket.AwaitableSocketAsyncEventArgs.System.Threading.Tasks.Sources.IValueTaskSource<System.Int32>.GetResult(Int16 token)
   at System.Net.Security.SslStream.EnsureFullTlsFrameAsync[TIOAdapter](CancellationToken cancellationToken, Int32 estimatedSize)
   at System.Runtime.CompilerServices.PoolingAsyncValueTaskMethodBuilder`1.StateMachineBox`1.System.Threading.Tasks.Sources.IValueTaskSource<TResult>.GetResult(Int16 token)
   at System.Net.Security.SslStream.ReadAsyncInternal[TIOAdapter](Memory`1 buffer, CancellationToken cancellationToken)
   at System.Runtime.CompilerServices.PoolingAsyncValueTaskMethodBuilder`1.StateMachineBox`1.System.Threading.Tasks.Sources.IValueTaskSource<TResult>.GetResult(Int16 token)
   at System.Net.Http.HttpConnection.SendAsync(HttpRequestMessage request, Boolean async, CancellationToken cancellationToken)
   --- End of inner exception stack trace ---
   at System.Net.Http.HttpConnection.SendAsync(HttpRequestMessage request, Boolean async, CancellationToken cancellationToken)
   at System.Net.Http.AuthenticationHelper.SendWithNtAuthAsync(HttpRequestMessage request, Uri authUri, Boolean async, ICredentials credentials, Boolean isProxyAuth, HttpConnection connection, HttpConnectionPool connectionPool, CancellationToken cancellationToken)
   at System.Net.Http.HttpConnectionPool.SendWithVersionDetectionAndRetryAsync(HttpRequestMessage request, Boolean async, Boolean doRequestAuth, CancellationToken cancellationToken)
   at System.Net.Http.AuthenticationHelper.SendWithAuthAsync(HttpRequestMessage request, Uri authUri, Boolean async, ICredentials credentials, Boolean preAuthenticate, Boolean isProxyAuth, Boolean doRequestAuth, HttpConnectionPool pool, CancellationToken cancellationToken)
   at System.Net.Http.RedirectHandler.SendAsync(HttpRequestMessage request, Boolean async, CancellationToken cancellationToken)
   at GitHub.Services.Common.RawHttpMessageHandler.SendAsync(HttpRequestMessage request, CancellationToken cancellationToken)
   at GitHub.Services.Common.VssHttpRetryMessageHandler.SendAsync(HttpRequestMessage request, CancellationToken cancellationToken)
   at System.Net.Http.HttpClient.<SendAsync>g__Core|83_0(HttpRequestMessage request, HttpCompletionOption completionOption, CancellationTokenSource cts, Boolean disposeCts, CancellationTokenSource pendingRequestsCts, CancellationToken originalCancellationToken)
[2026-02-28 17:41:23Z ERR  BrokerServer] #####################################################
[2026-02-28 17:41:23Z ERR  BrokerServer] System.IO.IOException: Unable to read data from the transport connection: Операция ввода/вывода была прервана из-за завершения потока команд или по запросу приложения..
 ---> System.Net.Sockets.SocketException (995): Операция ввода/вывода была прервана из-за завершения потока команд или по запросу приложения.
   --- End of inner exception stack trace ---
   at System.Net.Sockets.Socket.AwaitableSocketAsyncEventArgs.ThrowException(SocketError error, CancellationToken cancellationToken)
   at System.Net.Sockets.Socket.AwaitableSocketAsyncEventArgs.System.Threading.Tasks.Sources.IValueTaskSource<System.Int32>.GetResult(Int16 token)
   at System.Net.Security.SslStream.EnsureFullTlsFrameAsync[TIOAdapter](CancellationToken cancellationToken, Int32 estimatedSize)
   at System.Runtime.CompilerServices.PoolingAsyncValueTaskMethodBuilder`1.StateMachineBox`1.System.Threading.Tasks.Sources.IValueTaskSource<TResult>.GetResult(Int16 token)
   at System.Net.Security.SslStream.ReadAsyncInternal[TIOAdapter](Memory`1 buffer, CancellationToken cancellationToken)
   at System.Runtime.CompilerServices.PoolingAsyncValueTaskMethodBuilder`1.StateMachineBox`1.System.Threading.Tasks.Sources.IValueTaskSource<TResult>.GetResult(Int16 token)
   at System.Net.Http.HttpConnection.SendAsync(HttpRequestMessage request, Boolean async, CancellationToken cancellationToken)
[2026-02-28 17:41:23Z ERR  BrokerServer] #####################################################
[2026-02-28 17:41:23Z ERR  BrokerServer] System.Net.Sockets.SocketException (995): Операция ввода/вывода была прервана из-за завершения потока команд или по запросу приложения.
[2026-02-28 17:41:23Z WARN BrokerServer] Back off 10,55 seconds before next retry. 4 attempt left.
[2026-02-28 17:41:23Z INFO BrokerMessageListener] Get messages has been cancelled using local token source. Continue to get messages with new status.
[2026-02-28 17:41:24Z INFO BrokerMessageListener] Acknowledging runner request 'e8111e78-c1ee-5588-b4c8-ea5f0b1a7741'.
[2026-02-28 17:41:24Z INFO ConfigurationStore] HasCredentials()
[2026-02-28 17:41:24Z INFO ConfigurationStore] stored True
[2026-02-28 17:41:24Z INFO CredentialManager] GetCredentialProvider
[2026-02-28 17:41:24Z INFO CredentialManager] Creating type OAuth
[2026-02-28 17:41:24Z INFO CredentialManager] Creating credential type: OAuth
[2026-02-28 17:41:24Z INFO RSAEncryptedFileKeyManager] Loading RSA key parameters from file C:\Users\MSI KATANA\Documents\tarea2\actions-runner\.credentials_rsaparams
[2026-02-28 17:41:24Z INFO RSAEncryptedFileKeyManager] Loading RSA key parameters from file C:\Users\MSI KATANA\Documents\tarea2\actions-runner\.credentials_rsaparams
[2026-02-28 17:41:24Z INFO RSAEncryptedFileKeyManager] Loading RSA key parameters from file C:\Users\MSI KATANA\Documents\tarea2\actions-runner\.credentials_rsaparams
[2026-02-28 17:41:24Z INFO GitHubActionsService] AAD Correlation ID for this token request: Unknown
[2026-02-28 17:41:25Z INFO JobDispatcher] Job request 0 for plan 42fa6858-58c5-4154-9ac5-55a537fd3aeb job e8111e78-c1ee-5588-b4c8-ea5f0b1a7741 received.
[2026-02-28 17:41:25Z INFO JobDispatcher] Pull OrchestrationId 42fa6858-58c5-4154-9ac5-55a537fd3aeb.build-and-push.__default from JWT claims
[2026-02-28 17:41:25Z INFO BrokerMessageListener] Received job status event. JobState: Busy
[2026-02-28 17:41:25Z INFO BrokerMessageListener] _getMessagesTokenSource is already disposed.
[2026-02-28 17:41:25Z INFO JobDispatcher] Job request 7bc509f2-95c8-5c72-8411-1c3539a13822 processed succeed.
[2026-02-28 17:41:25Z INFO Terminal] WRITE LINE: 2026-02-28 17:41:25Z: Running job: build-and-push
[2026-02-28 17:41:25Z INFO JobDispatcher] Start renew job request 0 for job e8111e78-c1ee-5588-b4c8-ea5f0b1a7741.
[2026-02-28 17:41:26Z INFO JobDispatcher] Successfully renew job e8111e78-c1ee-5588-b4c8-ea5f0b1a7741, job is valid till 28.02.2026 17:51:26
[2026-02-28 17:41:26Z INFO HostContext] Well known directory 'Bin': 'C:\Users\MSI KATANA\Documents\tarea2\actions-runner\bin'
[2026-02-28 17:41:26Z INFO ProcessInvokerWrapper] Starting process:
[2026-02-28 17:41:26Z INFO ProcessInvokerWrapper]   File name: 'C:\Users\MSI KATANA\Documents\tarea2\actions-runner\bin\Runner.Worker.exe'
[2026-02-28 17:41:26Z INFO ProcessInvokerWrapper]   Arguments: 'spawnclient 2268 2284'
[2026-02-28 17:41:26Z INFO ProcessInvokerWrapper]   Working directory: 'C:\Users\MSI KATANA\Documents\tarea2\actions-runner\bin'
[2026-02-28 17:41:26Z INFO ProcessInvokerWrapper]   Require exit code zero: 'False'
[2026-02-28 17:41:26Z INFO ProcessInvokerWrapper]   Encoding web name:  ; code page: ''
[2026-02-28 17:41:26Z INFO ProcessInvokerWrapper]   Force kill process on cancellation: 'True'
[2026-02-28 17:41:26Z INFO ProcessInvokerWrapper]   Redirected STDIN: 'False'
[2026-02-28 17:41:26Z INFO ProcessInvokerWrapper]   Persist current code page: 'False'
[2026-02-28 17:41:26Z INFO ProcessInvokerWrapper]   Keep redirected STDIN open: 'False'
[2026-02-28 17:41:26Z INFO ProcessInvokerWrapper]   High priority process: 'True'
[2026-02-28 17:41:26Z INFO ProcessInvokerWrapper] Process started with process id 14140, waiting for process exit.
[2026-02-28 17:41:26Z INFO JobDispatcher] Send job request message to worker for job e8111e78-c1ee-5588-b4c8-ea5f0b1a7741.
[2026-02-28 17:41:26Z INFO ProcessChannel] Sending message of length 21072, with hash '198261f989af6641d4bbdf55ec6e564fff4a23aaf2b248d6f242c3a4cfd064eb'
[2026-02-28 17:41:26Z INFO JobNotification] Entering JobStarted Notification
[2026-02-28 17:41:26Z INFO JobNotification] Entering StartMonitor
[2026-02-28 17:41:36Z INFO Runner] Received RunnerRefreshConfigMessage for 'runner' config file
[2026-02-28 17:41:36Z INFO RunnerConfigUpdater] Verifying runner qualified id: U_kgDOD79qGg/R_kgDORZo1zA/self-hosted/2
[2026-02-28 17:41:36Z INFO HostContext] Well known directory 'Bin': 'C:\Users\MSI KATANA\Documents\tarea2\actions-runner\bin'
[2026-02-28 17:41:36Z INFO HostContext] Well known directory 'Root': 'C:\Users\MSI KATANA\Documents\tarea2\actions-runner'
[2026-02-28 17:41:36Z INFO HostContext] Well known config file 'Runner': 'C:\Users\MSI KATANA\Documents\tarea2\actions-runner\.runner'
[2026-02-28 17:41:36Z INFO RSAEncryptedFileKeyManager] Loading RSA key parameters from file C:\Users\MSI KATANA\Documents\tarea2\actions-runner\.credentials_rsaparams
[2026-02-28 17:41:36Z INFO RSAEncryptedFileKeyManager] Loading RSA key parameters from file C:\Users\MSI KATANA\Documents\tarea2\actions-runner\.credentials_rsaparams
[2026-02-28 17:41:37Z INFO GitHubActionsService] AAD Correlation ID for this token request: Unknown
[2026-02-28 17:41:37Z INFO ConfigurationStore] Saving runner migrated settings
[2026-02-28 17:41:37Z INFO ConfigurationStore] Migrated Settings Saved.
[2026-02-28 17:41:37Z INFO Runner] Runner configuration was updated. Session restart has been scheduled
[2026-02-28 17:41:41Z INFO ProcessInvokerWrapper] STDOUT/STDERR stream read finished.
[2026-02-28 17:41:41Z INFO ProcessInvokerWrapper] STDOUT/STDERR stream read finished.
[2026-02-28 17:41:41Z INFO ProcessInvokerWrapper] Finished process 14140 with exit code 102, and elapsed time 00:00:15.6969828.
[2026-02-28 17:41:41Z INFO JobDispatcher] Worker finished for job e8111e78-c1ee-5588-b4c8-ea5f0b1a7741. Code: 102
[2026-02-28 17:41:41Z INFO JobDispatcher] finish job request for job e8111e78-c1ee-5588-b4c8-ea5f0b1a7741 with result: Failed
[2026-02-28 17:41:41Z INFO Terminal] WRITE LINE: 2026-02-28 17:41:41Z: Job build-and-push completed with result: Failed
[2026-02-28 17:41:41Z INFO JobDispatcher] Stop renew job request for job e8111e78-c1ee-5588-b4c8-ea5f0b1a7741.
[2026-02-28 17:41:41Z INFO JobDispatcher] job renew has been cancelled, stop renew job e8111e78-c1ee-5588-b4c8-ea5f0b1a7741.
[2026-02-28 17:41:41Z INFO JobNotification] Entering JobCompleted Notification
[2026-02-28 17:41:41Z INFO JobNotification] Entering EndMonitor
[2026-02-28 17:41:41Z INFO BrokerMessageListener] Received job status event. JobState: Online
[2026-02-28 17:41:41Z WARN GitHubActionsService] GET request to https://broker.actions.githubusercontent.com/message?sessionId=3fa9a0f0-19d2-4911-bb39-3cce756b556f&status=Busy&runnerVersion=2.331.0&os=Windows&architecture=X64&disableUpdate=false has been cancelled.
[2026-02-28 17:41:41Z ERR  BrokerServer] Catch exception during request
[2026-02-28 17:41:41Z ERR  BrokerServer] System.Threading.Tasks.TaskCanceledException: The operation was canceled.
 ---> System.Threading.Tasks.TaskCanceledException: The operation was canceled.
 ---> System.IO.IOException: Unable to read data from the transport connection: Операция ввода/вывода была прервана из-за завершения потока команд или по запросу приложения..
 ---> System.Net.Sockets.SocketException (995): Операция ввода/вывода была прервана из-за завершения потока команд или по запросу приложения.
   --- End of inner exception stack trace ---
   at System.Net.Sockets.Socket.AwaitableSocketAsyncEventArgs.ThrowException(SocketError error, CancellationToken cancellationToken)
   at System.Net.Sockets.Socket.AwaitableSocketAsyncEventArgs.System.Threading.Tasks.Sources.IValueTaskSource<System.Int32>.GetResult(Int16 token)
   at System.Net.Security.SslStream.EnsureFullTlsFrameAsync[TIOAdapter](CancellationToken cancellationToken, Int32 estimatedSize)
   at System.Runtime.CompilerServices.PoolingAsyncValueTaskMethodBuilder`1.StateMachineBox`1.System.Threading.Tasks.Sources.IValueTaskSource<TResult>.GetResult(Int16 token)
   at System.Net.Security.SslStream.ReadAsyncInternal[TIOAdapter](Memory`1 buffer, CancellationToken cancellationToken)
   at System.Runtime.CompilerServices.PoolingAsyncValueTaskMethodBuilder`1.StateMachineBox`1.System.Threading.Tasks.Sources.IValueTaskSource<TResult>.GetResult(Int16 token)
   at System.Net.Http.HttpConnection.SendAsync(HttpRequestMessage request, Boolean async, CancellationToken cancellationToken)
   --- End of inner exception stack trace ---
   at System.Net.Http.HttpConnection.SendAsync(HttpRequestMessage request, Boolean async, CancellationToken cancellationToken)
   at System.Net.Http.AuthenticationHelper.SendWithNtAuthAsync(HttpRequestMessage request, Uri authUri, Boolean async, ICredentials credentials, Boolean isProxyAuth, HttpConnection connection, HttpConnectionPool connectionPool, CancellationToken cancellationToken)
   at System.Net.Http.HttpConnectionPool.SendWithVersionDetectionAndRetryAsync(HttpRequestMessage request, Boolean async, Boolean doRequestAuth, CancellationToken cancellationToken)
   at System.Net.Http.AuthenticationHelper.SendWithAuthAsync(HttpRequestMessage request, Uri authUri, Boolean async, ICredentials credentials, Boolean preAuthenticate, Boolean isProxyAuth, Boolean doRequestAuth, HttpConnectionPool pool, CancellationToken cancellationToken)
   at System.Net.Http.RedirectHandler.SendAsync(HttpRequestMessage request, Boolean async, CancellationToken cancellationToken)
   at GitHub.Services.Common.RawHttpMessageHandler.SendAsync(HttpRequestMessage request, CancellationToken cancellationToken)
   at GitHub.Services.Common.VssHttpRetryMessageHandler.SendAsync(HttpRequestMessage request, CancellationToken cancellationToken)
   at System.Net.Http.HttpClient.<SendAsync>g__Core|83_0(HttpRequestMessage request, HttpCompletionOption completionOption, CancellationTokenSource cts, Boolean disposeCts, CancellationTokenSource pendingRequestsCts, CancellationToken originalCancellationToken)
   --- End of inner exception stack trace ---
   at System.Net.Http.HttpClient.HandleFailure(Exception e, Boolean telemetryStarted, HttpResponseMessage response, CancellationTokenSource cts, CancellationToken cancellationToken, CancellationTokenSource pendingRequestsCts)
   at System.Net.Http.HttpClient.<SendAsync>g__Core|83_0(HttpRequestMessage request, HttpCompletionOption completionOption, CancellationTokenSource cts, Boolean disposeCts, CancellationTokenSource pendingRequestsCts, CancellationToken originalCancellationToken)
   at Sdk.WebApi.WebApi.RawHttpClientBase.SendAsync(HttpRequestMessage message, HttpCompletionOption completionOption, Object userState, CancellationToken cancellationToken)
   at Sdk.WebApi.WebApi.RawHttpClientBase.SendAsync[T](HttpRequestMessage message, Boolean readErrorBody, Object userState, CancellationToken cancellationToken)
   at Sdk.WebApi.WebApi.RawHttpClientBase.SendAsync[T](HttpMethod method, IEnumerable`1 additionalHeaders, Uri requestUri, HttpContent content, IEnumerable`1 queryParameters, Boolean readErrorBody, Object userState, CancellationToken cancellationToken)
   at GitHub.Actions.RunService.WebApi.BrokerHttpClient.GetRunnerMessageAsync(Nullable`1 sessionId, String runnerVersion, Nullable`1 status, String os, String architecture, Nullable`1 disableUpdate, CancellationToken cancellationToken)
   at GitHub.Runner.Common.BrokerServer.<>c__DisplayClass7_0.<<GetRunnerMessageAsync>b__0>d.MoveNext()
--- End of stack trace from previous location ---
   at GitHub.Runner.Common.RunnerService.RetryRequest[T](Func`1 func, CancellationToken cancellationToken, Int32 maxAttempts, Func`2 shouldRetry)
[2026-02-28 17:41:41Z ERR  BrokerServer] #####################################################
[2026-02-28 17:41:41Z ERR  BrokerServer] System.Threading.Tasks.TaskCanceledException: The operation was canceled.
 ---> System.IO.IOException: Unable to read data from the transport connection: Операция ввода/вывода была прервана из-за завершения потока команд или по запросу приложения..
 ---> System.Net.Sockets.SocketException (995): Операция ввода/вывода была прервана из-за завершения потока команд или по запросу приложения.
   --- End of inner exception stack trace ---
   at System.Net.Sockets.Socket.AwaitableSocketAsyncEventArgs.ThrowException(SocketError error, CancellationToken cancellationToken)
   at System.Net.Sockets.Socket.AwaitableSocketAsyncEventArgs.System.Threading.Tasks.Sources.IValueTaskSource<System.Int32>.GetResult(Int16 token)
   at System.Net.Security.SslStream.EnsureFullTlsFrameAsync[TIOAdapter](CancellationToken cancellationToken, Int32 estimatedSize)
   at System.Runtime.CompilerServices.PoolingAsyncValueTaskMethodBuilder`1.StateMachineBox`1.System.Threading.Tasks.Sources.IValueTaskSource<TResult>.GetResult(Int16 token)
   at System.Net.Security.SslStream.ReadAsyncInternal[TIOAdapter](Memory`1 buffer, CancellationToken cancellationToken)
   at System.Runtime.CompilerServices.PoolingAsyncValueTaskMethodBuilder`1.StateMachineBox`1.System.Threading.Tasks.Sources.IValueTaskSource<TResult>.GetResult(Int16 token)
   at System.Net.Http.HttpConnection.SendAsync(HttpRequestMessage request, Boolean async, CancellationToken cancellationToken)
   --- End of inner exception stack trace ---
   at System.Net.Http.HttpConnection.SendAsync(HttpRequestMessage request, Boolean async, CancellationToken cancellationToken)
   at System.Net.Http.AuthenticationHelper.SendWithNtAuthAsync(HttpRequestMessage request, Uri authUri, Boolean async, ICredentials credentials, Boolean isProxyAuth, HttpConnection connection, HttpConnectionPool connectionPool, CancellationToken cancellationToken)
   at System.Net.Http.HttpConnectionPool.SendWithVersionDetectionAndRetryAsync(HttpRequestMessage request, Boolean async, Boolean doRequestAuth, CancellationToken cancellationToken)
   at System.Net.Http.AuthenticationHelper.SendWithAuthAsync(HttpRequestMessage request, Uri authUri, Boolean async, ICredentials credentials, Boolean preAuthenticate, Boolean isProxyAuth, Boolean doRequestAuth, HttpConnectionPool pool, CancellationToken cancellationToken)
   at System.Net.Http.RedirectHandler.SendAsync(HttpRequestMessage request, Boolean async, CancellationToken cancellationToken)
   at GitHub.Services.Common.RawHttpMessageHandler.SendAsync(HttpRequestMessage request, CancellationToken cancellationToken)
   at GitHub.Services.Common.VssHttpRetryMessageHandler.SendAsync(HttpRequestMessage request, CancellationToken cancellationToken)
   at System.Net.Http.HttpClient.<SendAsync>g__Core|83_0(HttpRequestMessage request, HttpCompletionOption completionOption, CancellationTokenSource cts, Boolean disposeCts, CancellationTokenSource pendingRequestsCts, CancellationToken originalCancellationToken)
[2026-02-28 17:41:41Z ERR  BrokerServer] #####################################################
[2026-02-28 17:41:41Z ERR  BrokerServer] System.IO.IOException: Unable to read data from the transport connection: Операция ввода/вывода была прервана из-за завершения потока команд или по запросу приложения..
 ---> System.Net.Sockets.SocketException (995): Операция ввода/вывода была прервана из-за завершения потока команд или по запросу приложения.
   --- End of inner exception stack trace ---
   at System.Net.Sockets.Socket.AwaitableSocketAsyncEventArgs.ThrowException(SocketError error, CancellationToken cancellationToken)
   at System.Net.Sockets.Socket.AwaitableSocketAsyncEventArgs.System.Threading.Tasks.Sources.IValueTaskSource<System.Int32>.GetResult(Int16 token)
   at System.Net.Security.SslStream.EnsureFullTlsFrameAsync[TIOAdapter](CancellationToken cancellationToken, Int32 estimatedSize)
   at System.Runtime.CompilerServices.PoolingAsyncValueTaskMethodBuilder`1.StateMachineBox`1.System.Threading.Tasks.Sources.IValueTaskSource<TResult>.GetResult(Int16 token)
   at System.Net.Security.SslStream.ReadAsyncInternal[TIOAdapter](Memory`1 buffer, CancellationToken cancellationToken)
   at System.Runtime.CompilerServices.PoolingAsyncValueTaskMethodBuilder`1.StateMachineBox`1.System.Threading.Tasks.Sources.IValueTaskSource<TResult>.GetResult(Int16 token)
   at System.Net.Http.HttpConnection.SendAsync(HttpRequestMessage request, Boolean async, CancellationToken cancellationToken)
[2026-02-28 17:41:41Z ERR  BrokerServer] #####################################################
[2026-02-28 17:41:41Z ERR  BrokerServer] System.Net.Sockets.SocketException (995): Операция ввода/вывода была прервана из-за завершения потока команд или по запросу приложения.
[2026-02-28 17:41:41Z WARN BrokerServer] Back off 8,61 seconds before next retry. 4 attempt left.
[2026-02-28 17:41:41Z INFO BrokerMessageListener] Get messages has been cancelled using local token source. Continue to get messages with new status.
[2026-02-28 17:43:31Z INFO Terminal] WRITE LINE: Exiting...
[2026-02-28 17:43:31Z INFO ConfigurationStore] IsServiceConfigured()
[2026-02-28 17:43:31Z INFO ConfigurationStore] IsServiceConfigured: True
[2026-02-28 17:43:31Z INFO Runner] Received Ctrl-C signal, stop Runner.Listener and Runner.Worker.
[2026-02-28 17:43:31Z INFO HostContext] Runner will be shutdown for UserCancelled
[2026-02-28 17:43:31Z WARN GitHubActionsService] GET request to https://broker.actions.githubusercontent.com/message?sessionId=3fa9a0f0-19d2-4911-bb39-3cce756b556f&status=Online&runnerVersion=2.331.0&os=Windows&architecture=X64&disableUpdate=false has been cancelled.
[2026-02-28 17:43:31Z ERR  BrokerServer] Catch exception during request
[2026-02-28 17:43:31Z ERR  BrokerServer] System.Threading.Tasks.TaskCanceledException: The operation was canceled.
 ---> System.Threading.Tasks.TaskCanceledException: The operation was canceled.
 ---> System.IO.IOException: Unable to read data from the transport connection: Операция ввода/вывода была прервана из-за завершения потока команд или по запросу приложения..
 ---> System.Net.Sockets.SocketException (995): Операция ввода/вывода была прервана из-за завершения потока команд или по запросу приложения.
   --- End of inner exception stack trace ---
   at System.Net.Sockets.Socket.AwaitableSocketAsyncEventArgs.System.Threading.Tasks.Sources.IValueTaskSource<System.Int32>.GetResult(Int16 token)
   at System.Net.Security.SslStream.EnsureFullTlsFrameAsync[TIOAdapter](CancellationToken cancellationToken, Int32 estimatedSize)
   at System.Runtime.CompilerServices.PoolingAsyncValueTaskMethodBuilder`1.StateMachineBox`1.System.Threading.Tasks.Sources.IValueTaskSource<TResult>.GetResult(Int16 token)
   at System.Net.Security.SslStream.ReadAsyncInternal[TIOAdapter](Memory`1 buffer, CancellationToken cancellationToken)
   at System.Runtime.CompilerServices.PoolingAsyncValueTaskMethodBuilder`1.StateMachineBox`1.System.Threading.Tasks.Sources.IValueTaskSource<TResult>.GetResult(Int16 token)
   at System.Net.Http.HttpConnection.SendAsync(HttpRequestMessage request, Boolean async, CancellationToken cancellationToken)
   --- End of inner exception stack trace ---
   at System.Net.Http.HttpConnection.SendAsync(HttpRequestMessage request, Boolean async, CancellationToken cancellationToken)
   at System.Net.Http.AuthenticationHelper.SendWithNtAuthAsync(HttpRequestMessage request, Uri authUri, Boolean async, ICredentials credentials, Boolean isProxyAuth, HttpConnection connection, HttpConnectionPool connectionPool, CancellationToken cancellationToken)
   at System.Net.Http.HttpConnectionPool.SendWithVersionDetectionAndRetryAsync(HttpRequestMessage request, Boolean async, Boolean doRequestAuth, CancellationToken cancellationToken)
   at System.Net.Http.AuthenticationHelper.SendWithAuthAsync(HttpRequestMessage request, Uri authUri, Boolean async, ICredentials credentials, Boolean preAuthenticate, Boolean isProxyAuth, Boolean doRequestAuth, HttpConnectionPool pool, CancellationToken cancellationToken)
   at System.Net.Http.RedirectHandler.SendAsync(HttpRequestMessage request, Boolean async, CancellationToken cancellationToken)
   at GitHub.Services.Common.RawHttpMessageHandler.SendAsync(HttpRequestMessage request, CancellationToken cancellationToken)
   at GitHub.Services.Common.VssHttpRetryMessageHandler.SendAsync(HttpRequestMessage request, CancellationToken cancellationToken)
   at System.Net.Http.HttpClient.<SendAsync>g__Core|83_0(HttpRequestMessage request, HttpCompletionOption completionOption, CancellationTokenSource cts, Boolean disposeCts, CancellationTokenSource pendingRequestsCts, CancellationToken originalCancellationToken)
   --- End of inner exception stack trace ---
   at System.Net.Http.HttpClient.HandleFailure(Exception e, Boolean telemetryStarted, HttpResponseMessage response, CancellationTokenSource cts, CancellationToken cancellationToken, CancellationTokenSource pendingRequestsCts)
   at System.Net.Http.HttpClient.<SendAsync>g__Core|83_0(HttpRequestMessage request, HttpCompletionOption completionOption, CancellationTokenSource cts, Boolean disposeCts, CancellationTokenSource pendingRequestsCts, CancellationToken originalCancellationToken)
   at Sdk.WebApi.WebApi.RawHttpClientBase.SendAsync(HttpRequestMessage message, HttpCompletionOption completionOption, Object userState, CancellationToken cancellationToken)
   at Sdk.WebApi.WebApi.RawHttpClientBase.SendAsync[T](HttpRequestMessage message, Boolean readErrorBody, Object userState, CancellationToken cancellationToken)
   at Sdk.WebApi.WebApi.RawHttpClientBase.SendAsync[T](HttpMethod method, IEnumerable`1 additionalHeaders, Uri requestUri, HttpContent content, IEnumerable`1 queryParameters, Boolean readErrorBody, Object userState, CancellationToken cancellationToken)
   at GitHub.Actions.RunService.WebApi.BrokerHttpClient.GetRunnerMessageAsync(Nullable`1 sessionId, String runnerVersion, Nullable`1 status, String os, String architecture, Nullable`1 disableUpdate, CancellationToken cancellationToken)
   at GitHub.Runner.Common.BrokerServer.<>c__DisplayClass7_0.<<GetRunnerMessageAsync>b__0>d.MoveNext()
--- End of stack trace from previous location ---
   at GitHub.Runner.Common.RunnerService.RetryRequest[T](Func`1 func, CancellationToken cancellationToken, Int32 maxAttempts, Func`2 shouldRetry)
[2026-02-28 17:43:31Z ERR  BrokerServer] #####################################################
[2026-02-28 17:43:31Z ERR  BrokerServer] System.Threading.Tasks.TaskCanceledException: The operation was canceled.
 ---> System.IO.IOException: Unable to read data from the transport connection: Операция ввода/вывода была прервана из-за завершения потока команд или по запросу приложения..
 ---> System.Net.Sockets.SocketException (995): Операция ввода/вывода была прервана из-за завершения потока команд или по запросу приложения.
   --- End of inner exception stack trace ---
   at System.Net.Sockets.Socket.AwaitableSocketAsyncEventArgs.System.Threading.Tasks.Sources.IValueTaskSource<System.Int32>.GetResult(Int16 token)
   at System.Net.Security.SslStream.EnsureFullTlsFrameAsync[TIOAdapter](CancellationToken cancellationToken, Int32 estimatedSize)
   at System.Runtime.CompilerServices.PoolingAsyncValueTaskMethodBuilder`1.StateMachineBox`1.System.Threading.Tasks.Sources.IValueTaskSource<TResult>.GetResult(Int16 token)
   at System.Net.Security.SslStream.ReadAsyncInternal[TIOAdapter](Memory`1 buffer, CancellationToken cancellationToken)
   at System.Runtime.CompilerServices.PoolingAsyncValueTaskMethodBuilder`1.StateMachineBox`1.System.Threading.Tasks.Sources.IValueTaskSource<TResult>.GetResult(Int16 token)
   at System.Net.Http.HttpConnection.SendAsync(HttpRequestMessage request, Boolean async, CancellationToken cancellationToken)
   --- End of inner exception stack trace ---
   at System.Net.Http.HttpConnection.SendAsync(HttpRequestMessage request, Boolean async, CancellationToken cancellationToken)
   at System.Net.Http.AuthenticationHelper.SendWithNtAuthAsync(HttpRequestMessage request, Uri authUri, Boolean async, ICredentials credentials, Boolean isProxyAuth, HttpConnection connection, HttpConnectionPool connectionPool, CancellationToken cancellationToken)
   at System.Net.Http.HttpConnectionPool.SendWithVersionDetectionAndRetryAsync(HttpRequestMessage request, Boolean async, Boolean doRequestAuth, CancellationToken cancellationToken)
   at System.Net.Http.AuthenticationHelper.SendWithAuthAsync(HttpRequestMessage request, Uri authUri, Boolean async, ICredentials credentials, Boolean preAuthenticate, Boolean isProxyAuth, Boolean doRequestAuth, HttpConnectionPool pool, CancellationToken cancellationToken)
   at System.Net.Http.RedirectHandler.SendAsync(HttpRequestMessage request, Boolean async, CancellationToken cancellationToken)
   at GitHub.Services.Common.RawHttpMessageHandler.SendAsync(HttpRequestMessage request, CancellationToken cancellationToken)
   at GitHub.Services.Common.VssHttpRetryMessageHandler.SendAsync(HttpRequestMessage request, CancellationToken cancellationToken)
   at System.Net.Http.HttpClient.<SendAsync>g__Core|83_0(HttpRequestMessage request, HttpCompletionOption completionOption, CancellationTokenSource cts, Boolean disposeCts, CancellationTokenSource pendingRequestsCts, CancellationToken originalCancellationToken)
[2026-02-28 17:43:31Z ERR  BrokerServer] #####################################################
[2026-02-28 17:43:31Z ERR  BrokerServer] System.IO.IOException: Unable to read data from the transport connection: Операция ввода/вывода была прервана из-за завершения потока команд или по запросу приложения..
 ---> System.Net.Sockets.SocketException (995): Операция ввода/вывода была прервана из-за завершения потока команд или по запросу приложения.
   --- End of inner exception stack trace ---
   at System.Net.Sockets.Socket.AwaitableSocketAsyncEventArgs.System.Threading.Tasks.Sources.IValueTaskSource<System.Int32>.GetResult(Int16 token)
   at System.Net.Security.SslStream.EnsureFullTlsFrameAsync[TIOAdapter](CancellationToken cancellationToken, Int32 estimatedSize)
   at System.Runtime.CompilerServices.PoolingAsyncValueTaskMethodBuilder`1.StateMachineBox`1.System.Threading.Tasks.Sources.IValueTaskSource<TResult>.GetResult(Int16 token)
   at System.Net.Security.SslStream.ReadAsyncInternal[TIOAdapter](Memory`1 buffer, CancellationToken cancellationToken)
   at System.Runtime.CompilerServices.PoolingAsyncValueTaskMethodBuilder`1.StateMachineBox`1.System.Threading.Tasks.Sources.IValueTaskSource<TResult>.GetResult(Int16 token)
   at System.Net.Http.HttpConnection.SendAsync(HttpRequestMessage request, Boolean async, CancellationToken cancellationToken)
[2026-02-28 17:43:31Z ERR  BrokerServer] #####################################################
[2026-02-28 17:43:31Z ERR  BrokerServer] System.Net.Sockets.SocketException (995): Операция ввода/вывода была прервана из-за завершения потока команд или по запросу приложения.
[2026-02-28 17:43:31Z WARN BrokerServer] Back off 13,88 seconds before next retry. 4 attempt left.
[2026-02-28 17:43:31Z INFO BrokerMessageListener] Get next message has been cancelled.
[2026-02-28 17:43:31Z INFO JobDispatcher] Shutting down JobDispatcher. Make sure all WorkerDispatcher has finished.
[2026-02-28 17:43:31Z INFO JobDispatcher] Ensure WorkerDispatcher for job e8111e78-c1ee-5588-b4c8-ea5f0b1a7741 run to finish, cancel any running job.
[2026-02-28 17:43:31Z INFO JobDispatcher] Job request e8111e78-c1ee-5588-b4c8-ea5f0b1a7741 processed succeed.
[2026-02-28 17:43:31Z INFO Runner] Deleting Runner Session...
[2026-02-28 17:43:31Z INFO Listener] Runner execution been cancelled.
